

Version:	3.50
CmdLine:	D:\Documents\NetBeansProjects\Lab Equipment\LabEquipment.exe --l4j-debug
JNI:		No
WOW64:		Yes
Working dir:	D:\Documents\NetBeansProjects\Lab Equipment\.
Requires JDK:	No
Requires 64-Bit: No
Java min ver:	1.004.000
Java max ver:	
Substitute:	JAVA_HOME = 
Substitute:	PATH = c:\program files\common files\oracle\java\javapath;c:\programdata\oracle\java\javapath;c:\windows\system32;c:\windows;c:\windows\system32\wbem;c:\windows\system32\windowspowershell\v1.0\;c:\windows\system32\openssh\;c:\program files\dotnet\;C:\Program Files (x86)\NVIDIA Corporation\PhysX\Common;C:\Program Files\NVIDIA Corporation\NVIDIA NvDLISR;D:\Program Files\MATLAB\R2023b\bin;C:\Users\Joshua Formento\AppData\Local\Microsoft\WindowsApps;C:\Users\Joshua Formento\.dotnet\tools;C:\Program Files\Java\jre1.8.0_51\bin
JRE paths:	;c:\program files\common files\oracle\java\javapath;c:\programdata\oracle\java\javapath;c:\windows\system32;c:\windows;c:\windows\system32\wbem;c:\windows\system32\windowspowershell\v1.0\;c:\windows\system32\openssh\;c:\program files\dotnet\;C:\Program Files (x86)\NVIDIA Corporation\PhysX\Common;C:\Program Files\NVIDIA Corporation\NVIDIA NvDLISR;D:\Program Files\MATLAB\R2023b\bin;C:\Users\Joshua Formento\AppData\Local\Microsoft\WindowsApps;C:\Users\Joshua Formento\.dotnet\tools;C:\Program Files\Java\jre1.8.0_51\bin
Check launcher:	c:\program files\common files\oracle\java\javapath\bin\javaw.exe (not found)
Check launcher:	c:\programdata\oracle\java\javapath\bin\javaw.exe (not found)
Check launcher:	c:\windows\system32\bin\javaw.exe (not found)
Check launcher:	c:\windows\bin\javaw.exe (not found)
Check launcher:	c:\windows\system32\wbem\bin\javaw.exe (not found)
Check launcher:	c:\windows\system32\windowspowershell\v1.0\bin\javaw.exe (not found)
Check launcher:	c:\windows\system32\openssh\bin\javaw.exe (not found)
Check launcher:	c:\program files\dotnet\bin\javaw.exe (not found)
Check launcher:	C:\Program Files (x86)\NVIDIA Corporation\PhysX\Common\bin\javaw.exe (not found)
Check launcher:	C:\Program Files\NVIDIA Corporation\NVIDIA NvDLISR\bin\javaw.exe (not found)
Check launcher:	D:\Program Files\MATLAB\R2023b\bin\javaw.exe (not found)
Check launcher:	C:\Users\Joshua Formento\AppData\Local\Microsoft\WindowsApps\bin\javaw.exe (not found)
Check launcher:	C:\Users\Joshua Formento\.dotnet\tools\bin\javaw.exe (not found)
Check launcher:	C:\Program Files\Java\jre1.8.0_51\bin\javaw.exe (OK)
Version string: 1.008.000_051 / 64-Bit (OK)
Launcher:	C:\Program Files\Java\jre1.8.0_51\bin\javaw.exe
Launcher args:	-jar "D:\Documents\NetBeansProjects\Lab Equipment\LabEquipment.exe"
Args length:	67/32768 chars
Exit code:	0


Version:	3.50
CmdLine:	D:\Documents\NetBeansProjects\Lab Equipment\LabEquipment.exe --l4j-debug
JNI:		No
WOW64:		Yes
Working dir:	D:\Documents\NetBeansProjects\Lab Equipment\.
Requires JDK:	No
Requires 64-Bit: No
Java min ver:	1.004.000
Java max ver:	
Substitute:	JAVA_HOME = 
Substitute:	PATH = c:\program files\common files\oracle\java\javapath;c:\programdata\oracle\java\javapath;c:\windows\system32;c:\windows;c:\windows\system32\wbem;c:\windows\system32\windowspowershell\v1.0\;c:\windows\system32\openssh\;c:\program files\dotnet\;C:\Program Files (x86)\NVIDIA Corporation\PhysX\Common;C:\Program Files\NVIDIA Corporation\NVIDIA NvDLISR;D:\Program Files\MATLAB\R2023b\bin;C:\Users\Joshua Formento\AppData\Local\Microsoft\WindowsApps;C:\Users\Joshua Formento\.dotnet\tools;C:\Program Files\Java\jre1.8.0_51\bin
JRE paths:	;c:\program files\common files\oracle\java\javapath;c:\programdata\oracle\java\javapath;c:\windows\system32;c:\windows;c:\windows\system32\wbem;c:\windows\system32\windowspowershell\v1.0\;c:\windows\system32\openssh\;c:\program files\dotnet\;C:\Program Files (x86)\NVIDIA Corporation\PhysX\Common;C:\Program Files\NVIDIA Corporation\NVIDIA NvDLISR;D:\Program Files\MATLAB\R2023b\bin;C:\Users\Joshua Formento\AppData\Local\Microsoft\WindowsApps;C:\Users\Joshua Formento\.dotnet\tools;C:\Program Files\Java\jre1.8.0_51\bin
Check launcher:	c:\program files\common files\oracle\java\javapath\bin\javaw.exe (not found)
Check launcher:	c:\programdata\oracle\java\javapath\bin\javaw.exe (not found)
Check launcher:	c:\windows\system32\bin\javaw.exe (not found)
Check launcher:	c:\windows\bin\javaw.exe (not found)
Check launcher:	c:\windows\system32\wbem\bin\javaw.exe (not found)
Check launcher:	c:\windows\system32\windowspowershell\v1.0\bin\javaw.exe (not found)
Check launcher:	c:\windows\system32\openssh\bin\javaw.exe (not found)
Check launcher:	c:\program files\dotnet\bin\javaw.exe (not found)
Check launcher:	C:\Program Files (x86)\NVIDIA Corporation\PhysX\Common\bin\javaw.exe (not found)
Check launcher:	C:\Program Files\NVIDIA Corporation\NVIDIA NvDLISR\bin\javaw.exe (not found)
Check launcher:	D:\Program Files\MATLAB\R2023b\bin\javaw.exe (not found)
Check launcher:	C:\Users\Joshua Formento\AppData\Local\Microsoft\WindowsApps\bin\javaw.exe (not found)
Check launcher:	C:\Users\Joshua Formento\.dotnet\tools\bin\javaw.exe (not found)
Check launcher:	C:\Program Files\Java\jre1.8.0_51\bin\javaw.exe (OK)
Version string: 1.008.000_051 / 64-Bit (OK)
Launcher:	C:\Program Files\Java\jre1.8.0_51\bin\javaw.exe
Launcher args:	-jar "D:\Documents\NetBeansProjects\Lab Equipment\LabEquipment.exe"
Args length:	67/32768 chars
Exit code:	0


Version:	3.50
CmdLine:	D:\Documents\NetBeansProjects\Lab Equipment\Lab Equipment.exe --l4j-debug
JNI:		No
WOW64:		Yes
Working dir:	D:\Documents\NetBeansProjects\Lab Equipment\.
Requires JDK:	No
Requires 64-Bit: No
Java min ver:	1.004.000
Java max ver:	
Substitute:	JAVA_HOME = 
Substitute:	PATH = c:\program files\common files\oracle\java\javapath;c:\programdata\oracle\java\javapath;c:\windows\system32;c:\windows;c:\windows\system32\wbem;c:\windows\system32\windowspowershell\v1.0\;c:\windows\system32\openssh\;c:\program files\dotnet\;C:\Program Files (x86)\NVIDIA Corporation\PhysX\Common;C:\Program Files\NVIDIA Corporation\NVIDIA NvDLISR;D:\Program Files\MATLAB\R2023b\bin;C:\Users\Joshua Formento\AppData\Local\Microsoft\WindowsApps;C:\Users\Joshua Formento\.dotnet\tools;C:\Program Files\Java\jre1.8.0_51\bin
JRE paths:	;c:\program files\common files\oracle\java\javapath;c:\programdata\oracle\java\javapath;c:\windows\system32;c:\windows;c:\windows\system32\wbem;c:\windows\system32\windowspowershell\v1.0\;c:\windows\system32\openssh\;c:\program files\dotnet\;C:\Program Files (x86)\NVIDIA Corporation\PhysX\Common;C:\Program Files\NVIDIA Corporation\NVIDIA NvDLISR;D:\Program Files\MATLAB\R2023b\bin;C:\Users\Joshua Formento\AppData\Local\Microsoft\WindowsApps;C:\Users\Joshua Formento\.dotnet\tools;C:\Program Files\Java\jre1.8.0_51\bin
Check launcher:	c:\program files\common files\oracle\java\javapath\bin\javaw.exe (not found)
Check launcher:	c:\programdata\oracle\java\javapath\bin\javaw.exe (not found)
Check launcher:	c:\windows\system32\bin\javaw.exe (not found)
Check launcher:	c:\windows\bin\javaw.exe (not found)
Check launcher:	c:\windows\system32\wbem\bin\javaw.exe (not found)
Check launcher:	c:\windows\system32\windowspowershell\v1.0\bin\javaw.exe (not found)
Check launcher:	c:\windows\system32\openssh\bin\javaw.exe (not found)
Check launcher:	c:\program files\dotnet\bin\javaw.exe (not found)
Check launcher:	C:\Program Files (x86)\NVIDIA Corporation\PhysX\Common\bin\javaw.exe (not found)
Check launcher:	C:\Program Files\NVIDIA Corporation\NVIDIA NvDLISR\bin\javaw.exe (not found)
Check launcher:	D:\Program Files\MATLAB\R2023b\bin\javaw.exe (not found)
Check launcher:	C:\Users\Joshua Formento\AppData\Local\Microsoft\WindowsApps\bin\javaw.exe (not found)
Check launcher:	C:\Users\Joshua Formento\.dotnet\tools\bin\javaw.exe (not found)
Check launcher:	C:\Program Files\Java\jre1.8.0_51\bin\javaw.exe (OK)
Version string: 1.008.000_051 / 64-Bit (OK)
Launcher:	C:\Program Files\Java\jre1.8.0_51\bin\javaw.exe
Launcher args:	-jar "D:\Documents\NetBeansProjects\Lab Equipment\Lab Equipment.exe"
Args length:	68/32768 chars
Exit code:	0
